{"/home/somanath/employee-polls-wsl/src/App.js": {"path":"/home/somanath/employee-polls-wsl/src/App.js","statementMap":{"0":{"start":{"line":12,"column":2},"end":{"line":51,"column":4}}},"fnMap":{"0":{"name":"App","decl":{"start":{"line":11,"column":9},"end":{"line":11,"column":12}},"loc":{"start":{"line":11,"column":15},"end":{"line":52,"column":1}},"line":11}},"branchMap":{},"s":{"0":0},"f":{"0":0},"b":{}}
,"/home/somanath/employee-polls-wsl/src/index.js": {"path":"/home/somanath/employee-polls-wsl/src/index.js","statementMap":{"0":{"start":{"line":8,"column":13},"end":{"line":8,"column":65}},"1":{"start":{"line":9,"column":0},"end":{"line":15,"column":2}}},"fnMap":{},"branchMap":{},"s":{"0":0,"1":0},"f":{},"b":{}}
,"/home/somanath/employee-polls-wsl/src/components/AppLayout.js": {"path":"/home/somanath/employee-polls-wsl/src/components/AppLayout.js","statementMap":{"0":{"start":{"line":9,"column":19},"end":{"line":9,"column":35}},"1":{"start":{"line":10,"column":26},"end":{"line":10,"column":79}},"2":{"start":{"line":10,"column":52},"end":{"line":10,"column":78}},"3":{"start":{"line":11,"column":23},"end":{"line":11,"column":69}},"4":{"start":{"line":11,"column":49},"end":{"line":11,"column":68}},"5":{"start":{"line":12,"column":27},"end":{"line":12,"column":77}},"6":{"start":{"line":12,"column":53},"end":{"line":12,"column":76}},"7":{"start":{"line":15,"column":2},"end":{"line":20,"column":34}},"8":{"start":{"line":16,"column":4},"end":{"line":19,"column":5}},"9":{"start":{"line":17,"column":6},"end":{"line":17,"column":29}},"10":{"start":{"line":18,"column":6},"end":{"line":18,"column":33}},"11":{"start":{"line":22,"column":20},"end":{"line":22,"column":52}},"12":{"start":{"line":24,"column":2},"end":{"line":40,"column":4}}},"fnMap":{"0":{"name":"AppLayout","decl":{"start":{"line":8,"column":24},"end":{"line":8,"column":33}},"loc":{"start":{"line":8,"column":48},"end":{"line":41,"column":1}},"line":8},"1":{"name":"(anonymous_1)","decl":{"start":{"line":10,"column":41},"end":{"line":10,"column":42}},"loc":{"start":{"line":10,"column":52},"end":{"line":10,"column":78}},"line":10},"2":{"name":"(anonymous_2)","decl":{"start":{"line":11,"column":38},"end":{"line":11,"column":39}},"loc":{"start":{"line":11,"column":49},"end":{"line":11,"column":68}},"line":11},"3":{"name":"(anonymous_3)","decl":{"start":{"line":12,"column":42},"end":{"line":12,"column":43}},"loc":{"start":{"line":12,"column":53},"end":{"line":12,"column":76}},"line":12},"4":{"name":"(anonymous_4)","decl":{"start":{"line":15,"column":12},"end":{"line":15,"column":13}},"loc":{"start":{"line":15,"column":18},"end":{"line":20,"column":3}},"line":15}},"branchMap":{"0":{"loc":{"start":{"line":16,"column":4},"end":{"line":19,"column":5}},"type":"if","locations":[{"start":{"line":16,"column":4},"end":{"line":19,"column":5}},{"start":{},"end":{}}],"line":16},"1":{"loc":{"start":{"line":22,"column":20},"end":{"line":22,"column":52}},"type":"binary-expr","locations":[{"start":{"line":22,"column":20},"end":{"line":22,"column":32}},{"start":{"line":22,"column":36},"end":{"line":22,"column":52}}],"line":22},"2":{"loc":{"start":{"line":30,"column":11},"end":{"line":36,"column":11}},"type":"cond-expr","locations":[{"start":{"line":31,"column":12},"end":{"line":33,"column":18}},{"start":{"line":35,"column":12},"end":{"line":35,"column":20}}],"line":30}},"s":{"0":0,"1":0,"2":0,"3":0,"4":0,"5":0,"6":0,"7":0,"8":0,"9":0,"10":0,"11":0,"12":0},"f":{"0":0,"1":0,"2":0,"3":0,"4":0},"b":{"0":[0,0],"1":[0,0],"2":[0,0]}}
,"/home/somanath/employee-polls-wsl/src/components/LoginPage.js": {"path":"/home/somanath/employee-polls-wsl/src/components/LoginPage.js","statementMap":{"0":{"start":{"line":8,"column":42},"end":{"line":8,"column":54}},"1":{"start":{"line":9,"column":34},"end":{"line":9,"column":46}},"2":{"start":{"line":10,"column":28},"end":{"line":10,"column":40}},"3":{"start":{"line":12,"column":19},"end":{"line":12,"column":35}},"4":{"start":{"line":13,"column":19},"end":{"line":13,"column":32}},"5":{"start":{"line":14,"column":19},"end":{"line":14,"column":32}},"6":{"start":{"line":15,"column":29},"end":{"line":15,"column":67}},"7":{"start":{"line":15,"column":55},"end":{"line":15,"column":66}},"8":{"start":{"line":17,"column":15},"end":{"line":17,"column":52}},"9":{"start":{"line":19,"column":2},"end":{"line":23,"column":24}},"10":{"start":{"line":20,"column":4},"end":{"line":22,"column":5}},"11":{"start":{"line":21,"column":6},"end":{"line":21,"column":29}},"12":{"start":{"line":25,"column":23},"end":{"line":47,"column":3}},"13":{"start":{"line":26,"column":4},"end":{"line":26,"column":23}},"14":{"start":{"line":27,"column":4},"end":{"line":27,"column":17}},"15":{"start":{"line":29,"column":4},"end":{"line":32,"column":5}},"16":{"start":{"line":30,"column":6},"end":{"line":30,"column":58}},"17":{"start":{"line":31,"column":6},"end":{"line":31,"column":13}},"18":{"start":{"line":34,"column":17},"end":{"line":34,"column":36}},"19":{"start":{"line":35,"column":4},"end":{"line":38,"column":5}},"20":{"start":{"line":36,"column":6},"end":{"line":36,"column":33}},"21":{"start":{"line":37,"column":6},"end":{"line":37,"column":13}},"22":{"start":{"line":40,"column":4},"end":{"line":43,"column":5}},"23":{"start":{"line":41,"column":6},"end":{"line":41,"column":35}},"24":{"start":{"line":42,"column":6},"end":{"line":42,"column":13}},"25":{"start":{"line":45,"column":4},"end":{"line":45,"column":34}},"26":{"start":{"line":46,"column":4},"end":{"line":46,"column":38}},"27":{"start":{"line":49,"column":2},"end":{"line":55,"column":3}},"28":{"start":{"line":50,"column":4},"end":{"line":54,"column":6}},"29":{"start":{"line":57,"column":2},"end":{"line":128,"column":4}},"30":{"start":{"line":79,"column":31},"end":{"line":79,"column":62}},"31":{"start":{"line":84,"column":16},"end":{"line":86,"column":25}},"32":{"start":{"line":98,"column":31},"end":{"line":98,"column":58}}},"fnMap":{"0":{"name":"LoginPage","decl":{"start":{"line":7,"column":24},"end":{"line":7,"column":33}},"loc":{"start":{"line":7,"column":36},"end":{"line":129,"column":1}},"line":7},"1":{"name":"(anonymous_1)","decl":{"start":{"line":15,"column":44},"end":{"line":15,"column":45}},"loc":{"start":{"line":15,"column":55},"end":{"line":15,"column":66}},"line":15},"2":{"name":"(anonymous_2)","decl":{"start":{"line":19,"column":12},"end":{"line":19,"column":13}},"loc":{"start":{"line":19,"column":18},"end":{"line":23,"column":3}},"line":19},"3":{"name":"(anonymous_3)","decl":{"start":{"line":25,"column":23},"end":{"line":25,"column":24}},"loc":{"start":{"line":25,"column":30},"end":{"line":47,"column":3}},"line":25},"4":{"name":"(anonymous_4)","decl":{"start":{"line":79,"column":24},"end":{"line":79,"column":25}},"loc":{"start":{"line":79,"column":31},"end":{"line":79,"column":62}},"line":79},"5":{"name":"(anonymous_5)","decl":{"start":{"line":83,"column":40},"end":{"line":83,"column":41}},"loc":{"start":{"line":84,"column":16},"end":{"line":86,"column":25}},"line":84},"6":{"name":"(anonymous_6)","decl":{"start":{"line":98,"column":24},"end":{"line":98,"column":25}},"loc":{"start":{"line":98,"column":31},"end":{"line":98,"column":58}},"line":98}},"branchMap":{"0":{"loc":{"start":{"line":17,"column":15},"end":{"line":17,"column":52}},"type":"binary-expr","locations":[{"start":{"line":17,"column":15},"end":{"line":17,"column":45}},{"start":{"line":17,"column":49},"end":{"line":17,"column":52}}],"line":17},"1":{"loc":{"start":{"line":20,"column":4},"end":{"line":22,"column":5}},"type":"if","locations":[{"start":{"line":20,"column":4},"end":{"line":22,"column":5}},{"start":{},"end":{}}],"line":20},"2":{"loc":{"start":{"line":29,"column":4},"end":{"line":32,"column":5}},"type":"if","locations":[{"start":{"line":29,"column":4},"end":{"line":32,"column":5}},{"start":{},"end":{}}],"line":29},"3":{"loc":{"start":{"line":29,"column":8},"end":{"line":29,"column":34}},"type":"binary-expr","locations":[{"start":{"line":29,"column":8},"end":{"line":29,"column":21}},{"start":{"line":29,"column":25},"end":{"line":29,"column":34}}],"line":29},"4":{"loc":{"start":{"line":35,"column":4},"end":{"line":38,"column":5}},"type":"if","locations":[{"start":{"line":35,"column":4},"end":{"line":38,"column":5}},{"start":{},"end":{}}],"line":35},"5":{"loc":{"start":{"line":40,"column":4},"end":{"line":43,"column":5}},"type":"if","locations":[{"start":{"line":40,"column":4},"end":{"line":43,"column":5}},{"start":{},"end":{}}],"line":40},"6":{"loc":{"start":{"line":49,"column":2},"end":{"line":55,"column":3}},"type":"if","locations":[{"start":{"line":49,"column":2},"end":{"line":55,"column":3}},{"start":{},"end":{}}],"line":49},"7":{"loc":{"start":{"line":104,"column":11},"end":{"line":104,"column":56}},"type":"binary-expr","locations":[{"start":{"line":104,"column":11},"end":{"line":104,"column":16}},{"start":{"line":104,"column":20},"end":{"line":104,"column":56}}],"line":104}},"s":{"0":9,"1":9,"2":9,"3":9,"4":9,"5":9,"6":9,"7":13,"8":9,"9":9,"10":3,"11":0,"12":9,"13":2,"14":2,"15":2,"16":0,"17":0,"18":2,"19":2,"20":0,"21":0,"22":2,"23":1,"24":1,"25":1,"26":1,"27":9,"28":0,"29":9,"30":2,"31":18,"32":2},"f":{"0":9,"1":13,"2":3,"3":2,"4":2,"5":18,"6":2},"b":{"0":[9,9],"1":[0,3],"2":[0,2],"3":[2,2],"4":[0,2],"5":[1,1],"6":[0,9],"7":[9,1]},"_coverageSchema":"1a1c01bbd47fc00a2c39e90264f33305004495a9","hash":"70b09d956f569408aa5789379a59f64345a7eb9e"}
,"/home/somanath/employee-polls-wsl/src/components/Navigation.js": {"path":"/home/somanath/employee-polls-wsl/src/components/Navigation.js","statementMap":{"0":{"start":{"line":7,"column":36},"end":{"line":7,"column":73}},"1":{"start":{"line":7,"column":62},"end":{"line":7,"column":72}},"2":{"start":{"line":8,"column":16},"end":{"line":8,"column":60}},"3":{"start":{"line":8,"column":42},"end":{"line":8,"column":59}},"4":{"start":{"line":9,"column":19},"end":{"line":9,"column":35}},"5":{"start":{"line":10,"column":19},"end":{"line":10,"column":32}},"6":{"start":{"line":12,"column":23},"end":{"line":15,"column":3}},"7":{"start":{"line":13,"column":4},"end":{"line":13,"column":23}},"8":{"start":{"line":14,"column":4},"end":{"line":14,"column":23}},"9":{"start":{"line":17,"column":2},"end":{"line":19,"column":3}},"10":{"start":{"line":18,"column":4},"end":{"line":18,"column":16}},"11":{"start":{"line":21,"column":22},"end":{"line":21,"column":39}},"12":{"start":{"line":23,"column":2},"end":{"line":59,"column":4}}},"fnMap":{"0":{"name":"Navigation","decl":{"start":{"line":6,"column":24},"end":{"line":6,"column":34}},"loc":{"start":{"line":6,"column":37},"end":{"line":60,"column":1}},"line":6},"1":{"name":"(anonymous_1)","decl":{"start":{"line":7,"column":51},"end":{"line":7,"column":52}},"loc":{"start":{"line":7,"column":62},"end":{"line":7,"column":72}},"line":7},"2":{"name":"(anonymous_2)","decl":{"start":{"line":8,"column":31},"end":{"line":8,"column":32}},"loc":{"start":{"line":8,"column":42},"end":{"line":8,"column":59}},"line":8},"3":{"name":"(anonymous_3)","decl":{"start":{"line":12,"column":23},"end":{"line":12,"column":24}},"loc":{"start":{"line":12,"column":29},"end":{"line":15,"column":3}},"line":12}},"branchMap":{"0":{"loc":{"start":{"line":17,"column":2},"end":{"line":19,"column":3}},"type":"if","locations":[{"start":{"line":17,"column":2},"end":{"line":19,"column":3}},{"start":{},"end":{}}],"line":17},"1":{"loc":{"start":{"line":21,"column":28},"end":{"line":21,"column":38}},"type":"binary-expr","locations":[{"start":{"line":21,"column":28},"end":{"line":21,"column":32}},{"start":{"line":21,"column":36},"end":{"line":21,"column":38}}],"line":21},"2":{"loc":{"start":{"line":39,"column":13},"end":{"line":49,"column":13}},"type":"binary-expr","locations":[{"start":{"line":39,"column":13},"end":{"line":39,"column":24}},{"start":{"line":40,"column":14},"end":{"line":48,"column":21}}],"line":39}},"s":{"0":1,"1":2,"2":1,"3":2,"4":1,"5":1,"6":1,"7":0,"8":0,"9":1,"10":0,"11":1,"12":1},"f":{"0":1,"1":2,"2":2,"3":0},"b":{"0":[0,1],"1":[1,0],"2":[1,1]},"_coverageSchema":"1a1c01bbd47fc00a2c39e90264f33305004495a9","hash":"78d59f49bdbc88956cfad7f12e7f8d3ebc22bfd7"}
,"/home/somanath/employee-polls-wsl/src/components/PollCard.js": {"path":"/home/somanath/employee-polls-wsl/src/components/PollCard.js","statementMap":{"0":{"start":{"line":7,"column":16},"end":{"line":7,"column":60}},"1":{"start":{"line":7,"column":42},"end":{"line":7,"column":59}},"2":{"start":{"line":8,"column":22},"end":{"line":8,"column":64}},"3":{"start":{"line":8,"column":48},"end":{"line":8,"column":63}},"4":{"start":{"line":10,"column":17},"end":{"line":10,"column":39}},"5":{"start":{"line":12,"column":4},"end":{"line":13,"column":67}},"6":{"start":{"line":15,"column":21},"end":{"line":23,"column":3}},"7":{"start":{"line":16,"column":4},"end":{"line":22,"column":7}},"8":{"start":{"line":25,"column":2},"end":{"line":75,"column":4}}},"fnMap":{"0":{"name":"PollCard","decl":{"start":{"line":6,"column":24},"end":{"line":6,"column":32}},"loc":{"start":{"line":6,"column":47},"end":{"line":76,"column":1}},"line":6},"1":{"name":"(anonymous_1)","decl":{"start":{"line":7,"column":31},"end":{"line":7,"column":32}},"loc":{"start":{"line":7,"column":42},"end":{"line":7,"column":59}},"line":7},"2":{"name":"(anonymous_2)","decl":{"start":{"line":8,"column":37},"end":{"line":8,"column":38}},"loc":{"start":{"line":8,"column":48},"end":{"line":8,"column":63}},"line":8},"3":{"name":"(anonymous_3)","decl":{"start":{"line":15,"column":21},"end":{"line":15,"column":22}},"loc":{"start":{"line":15,"column":36},"end":{"line":23,"column":3}},"line":15}},"branchMap":{"0":{"loc":{"start":{"line":12,"column":4},"end":{"line":13,"column":67}},"type":"binary-expr","locations":[{"start":{"line":12,"column":5},"end":{"line":12,"column":16}},{"start":{"line":12,"column":20},"end":{"line":12,"column":66}},{"start":{"line":13,"column":5},"end":{"line":13,"column":16}},{"start":{"line":13,"column":20},"end":{"line":13,"column":66}}],"line":12},"1":{"loc":{"start":{"line":28,"column":9},"end":{"line":42,"column":9}},"type":"binary-expr","locations":[{"start":{"line":28,"column":9},"end":{"line":28,"column":15}},{"start":{"line":29,"column":10},"end":{"line":41,"column":13}}],"line":28},"2":{"loc":{"start":{"line":61,"column":12},"end":{"line":61,"column":53}},"type":"cond-expr","locations":[{"start":{"line":61,"column":26},"end":{"line":61,"column":36}},{"start":{"line":61,"column":39},"end":{"line":61,"column":53}}],"line":61},"3":{"loc":{"start":{"line":64,"column":11},"end":{"line":64,"column":52}},"type":"cond-expr","locations":[{"start":{"line":64,"column":25},"end":{"line":64,"column":35}},{"start":{"line":64,"column":38},"end":{"line":64,"column":52}}],"line":64}},"s":{"0":1,"1":2,"2":1,"3":2,"4":1,"5":1,"6":1,"7":1,"8":1},"f":{"0":1,"1":2,"2":2,"3":1},"b":{"0":[1,1,1,1],"1":[1,1],"2":[0,1],"3":[0,1]},"_coverageSchema":"1a1c01bbd47fc00a2c39e90264f33305004495a9","hash":"ada6d70db931e5efa162f6e7c5170ac068b2c7d0"}
,"/home/somanath/employee-polls-wsl/src/components/ProtectedRoute.js": {"path":"/home/somanath/employee-polls-wsl/src/components/ProtectedRoute.js","statementMap":{"0":{"start":{"line":6,"column":26},"end":{"line":6,"column":79}},"1":{"start":{"line":6,"column":52},"end":{"line":6,"column":78}},"2":{"start":{"line":7,"column":19},"end":{"line":7,"column":32}},"3":{"start":{"line":8,"column":19},"end":{"line":8,"column":32}},"4":{"start":{"line":10,"column":2},"end":{"line":15,"column":44}},"5":{"start":{"line":11,"column":4},"end":{"line":14,"column":5}},"6":{"start":{"line":13,"column":6},"end":{"line":13,"column":71}},"7":{"start":{"line":17,"column":2},"end":{"line":19,"column":3}},"8":{"start":{"line":18,"column":4},"end":{"line":18,"column":16}},"9":{"start":{"line":21,"column":2},"end":{"line":21,"column":25}}},"fnMap":{"0":{"name":"ProtectedRoute","decl":{"start":{"line":5,"column":24},"end":{"line":5,"column":38}},"loc":{"start":{"line":5,"column":53},"end":{"line":22,"column":1}},"line":5},"1":{"name":"(anonymous_1)","decl":{"start":{"line":6,"column":41},"end":{"line":6,"column":42}},"loc":{"start":{"line":6,"column":52},"end":{"line":6,"column":78}},"line":6},"2":{"name":"(anonymous_2)","decl":{"start":{"line":10,"column":12},"end":{"line":10,"column":13}},"loc":{"start":{"line":10,"column":18},"end":{"line":15,"column":3}},"line":10}},"branchMap":{"0":{"loc":{"start":{"line":11,"column":4},"end":{"line":14,"column":5}},"type":"if","locations":[{"start":{"line":11,"column":4},"end":{"line":14,"column":5}},{"start":{},"end":{}}],"line":11},"1":{"loc":{"start":{"line":17,"column":2},"end":{"line":19,"column":3}},"type":"if","locations":[{"start":{"line":17,"column":2},"end":{"line":19,"column":3}},{"start":{},"end":{}}],"line":17}},"s":{"0":0,"1":0,"2":0,"3":0,"4":0,"5":0,"6":0,"7":0,"8":0,"9":0},"f":{"0":0,"1":0,"2":0},"b":{"0":[0,0],"1":[0,0]}}
,"/home/somanath/employee-polls-wsl/src/features/auth/authSlice.js": {"path":"/home/somanath/employee-polls-wsl/src/features/auth/authSlice.js","statementMap":{"0":{"start":{"line":3,"column":21},"end":{"line":6,"column":1}},"1":{"start":{"line":8,"column":18},"end":{"line":21,"column":2}},"2":{"start":{"line":13,"column":6},"end":{"line":13,"column":34}},"3":{"start":{"line":14,"column":6},"end":{"line":14,"column":35}},"4":{"start":{"line":17,"column":6},"end":{"line":17,"column":24}},"5":{"start":{"line":18,"column":6},"end":{"line":18,"column":36}},"6":{"start":{"line":23,"column":33},"end":{"line":23,"column":50}}},"fnMap":{"0":{"name":"(anonymous_0)","decl":{"start":{"line":12,"column":11},"end":{"line":12,"column":12}},"loc":{"start":{"line":12,"column":30},"end":{"line":15,"column":5}},"line":12},"1":{"name":"(anonymous_1)","decl":{"start":{"line":16,"column":12},"end":{"line":16,"column":13}},"loc":{"start":{"line":16,"column":23},"end":{"line":19,"column":5}},"line":16}},"branchMap":{},"s":{"0":3,"1":3,"2":1,"3":1,"4":0,"5":0,"6":3},"f":{"0":1,"1":0},"b":{},"_coverageSchema":"1a1c01bbd47fc00a2c39e90264f33305004495a9","hash":"5a2c8e2c2abf0f44e5d5dc513135992a6857f0f6"}
,"/home/somanath/employee-polls-wsl/src/features/questions/questionsSlice.js": {"path":"/home/somanath/employee-polls-wsl/src/features/questions/questionsSlice.js","statementMap":{"0":{"start":{"line":8,"column":21},"end":{"line":12,"column":1}},"1":{"start":{"line":15,"column":30},"end":{"line":21,"column":1}},"2":{"start":{"line":18,"column":22},"end":{"line":18,"column":43}},"3":{"start":{"line":19,"column":4},"end":{"line":19,"column":21}},"4":{"start":{"line":23,"column":28},"end":{"line":29,"column":1}},"5":{"start":{"line":26,"column":21},"end":{"line":26,"column":54}},"6":{"start":{"line":27,"column":4},"end":{"line":27,"column":20}},"7":{"start":{"line":31,"column":34},"end":{"line":37,"column":1}},"8":{"start":{"line":34,"column":4},"end":{"line":34,"column":42}},"9":{"start":{"line":35,"column":4},"end":{"line":35,"column":22}},"10":{"start":{"line":39,"column":23},"end":{"line":70,"column":2}},"11":{"start":{"line":44,"column":4},"end":{"line":68,"column":9}},"12":{"start":{"line":47,"column":8},"end":{"line":47,"column":29}},"13":{"start":{"line":48,"column":8},"end":{"line":48,"column":27}},"14":{"start":{"line":51,"column":8},"end":{"line":51,"column":30}},"15":{"start":{"line":52,"column":8},"end":{"line":52,"column":41}},"16":{"start":{"line":55,"column":8},"end":{"line":55,"column":30}},"17":{"start":{"line":56,"column":8},"end":{"line":56,"column":74}},"18":{"start":{"line":60,"column":8},"end":{"line":60,"column":60}},"19":{"start":{"line":64,"column":44},"end":{"line":64,"column":58}},"20":{"start":{"line":65,"column":8},"end":{"line":67,"column":9}},"21":{"start":{"line":66,"column":10},"end":{"line":66,"column":62}}},"fnMap":{"0":{"name":"(anonymous_0)","decl":{"start":{"line":17,"column":2},"end":{"line":17,"column":3}},"loc":{"start":{"line":17,"column":14},"end":{"line":20,"column":3}},"line":17},"1":{"name":"(anonymous_1)","decl":{"start":{"line":25,"column":2},"end":{"line":25,"column":3}},"loc":{"start":{"line":25,"column":26},"end":{"line":28,"column":3}},"line":25},"2":{"name":"(anonymous_2)","decl":{"start":{"line":33,"column":2},"end":{"line":33,"column":3}},"loc":{"start":{"line":33,"column":24},"end":{"line":36,"column":3}},"line":33},"3":{"name":"(anonymous_3)","decl":{"start":{"line":43,"column":17},"end":{"line":43,"column":18}},"loc":{"start":{"line":43,"column":30},"end":{"line":69,"column":3}},"line":43},"4":{"name":"(anonymous_4)","decl":{"start":{"line":46,"column":39},"end":{"line":46,"column":40}},"loc":{"start":{"line":46,"column":50},"end":{"line":49,"column":7}},"line":46},"5":{"name":"(anonymous_5)","decl":{"start":{"line":50,"column":41},"end":{"line":50,"column":42}},"loc":{"start":{"line":50,"column":60},"end":{"line":53,"column":7}},"line":50},"6":{"name":"(anonymous_6)","decl":{"start":{"line":54,"column":40},"end":{"line":54,"column":41}},"loc":{"start":{"line":54,"column":59},"end":{"line":57,"column":7}},"line":54},"7":{"name":"(anonymous_7)","decl":{"start":{"line":59,"column":39},"end":{"line":59,"column":40}},"loc":{"start":{"line":59,"column":58},"end":{"line":61,"column":7}},"line":59},"8":{"name":"(anonymous_8)","decl":{"start":{"line":63,"column":45},"end":{"line":63,"column":46}},"loc":{"start":{"line":63,"column":64},"end":{"line":68,"column":7}},"line":63}},"branchMap":{"0":{"loc":{"start":{"line":56,"column":22},"end":{"line":56,"column":73}},"type":"binary-expr","locations":[{"start":{"line":56,"column":22},"end":{"line":56,"column":42}},{"start":{"line":56,"column":46},"end":{"line":56,"column":73}}],"line":56},"1":{"loc":{"start":{"line":65,"column":8},"end":{"line":67,"column":9}},"type":"if","locations":[{"start":{"line":65,"column":8},"end":{"line":67,"column":9}},{"start":{},"end":{}}],"line":65}},"s":{"0":3,"1":3,"2":0,"3":0,"4":3,"5":0,"6":0,"7":3,"8":0,"9":0,"10":3,"11":3,"12":0,"13":0,"14":0,"15":0,"16":0,"17":0,"18":0,"19":0,"20":0,"21":0},"f":{"0":0,"1":0,"2":0,"3":3,"4":0,"5":0,"6":0,"7":0,"8":0},"b":{"0":[0,0],"1":[0,0]},"_coverageSchema":"1a1c01bbd47fc00a2c39e90264f33305004495a9","hash":"24232c9ecb9bd7ad1815515fe889796d7616409a"}
,"/home/somanath/employee-polls-wsl/src/features/users/usersSlice.js": {"path":"/home/somanath/employee-polls-wsl/src/features/users/usersSlice.js","statementMap":{"0":{"start":{"line":4,"column":21},"end":{"line":8,"column":1}},"1":{"start":{"line":11,"column":26},"end":{"line":14,"column":2}},"2":{"start":{"line":12,"column":16},"end":{"line":12,"column":33}},"3":{"start":{"line":13,"column":2},"end":{"line":13,"column":15}},"4":{"start":{"line":16,"column":19},"end":{"line":48,"column":2}},"5":{"start":{"line":21,"column":45},"end":{"line":21,"column":59}},"6":{"start":{"line":22,"column":6},"end":{"line":24,"column":7}},"7":{"start":{"line":23,"column":8},"end":{"line":23,"column":57}},"8":{"start":{"line":27,"column":37},"end":{"line":27,"column":51}},"9":{"start":{"line":28,"column":6},"end":{"line":30,"column":7}},"10":{"start":{"line":29,"column":8},"end":{"line":29,"column":55}},"11":{"start":{"line":34,"column":4},"end":{"line":46,"column":9}},"12":{"start":{"line":36,"column":8},"end":{"line":36,"column":29}},"13":{"start":{"line":37,"column":8},"end":{"line":37,"column":27}},"14":{"start":{"line":40,"column":8},"end":{"line":40,"column":30}},"15":{"start":{"line":41,"column":8},"end":{"line":41,"column":37}},"16":{"start":{"line":44,"column":8},"end":{"line":44,"column":30}},"17":{"start":{"line":45,"column":8},"end":{"line":45,"column":70}},"18":{"start":{"line":50,"column":54},"end":{"line":50,"column":72}}},"fnMap":{"0":{"name":"(anonymous_0)","decl":{"start":{"line":11,"column":63},"end":{"line":11,"column":64}},"loc":{"start":{"line":11,"column":75},"end":{"line":14,"column":1}},"line":11},"1":{"name":"(anonymous_1)","decl":{"start":{"line":20,"column":21},"end":{"line":20,"column":22}},"loc":{"start":{"line":20,"column":40},"end":{"line":25,"column":5}},"line":20},"2":{"name":"(anonymous_2)","decl":{"start":{"line":26,"column":23},"end":{"line":26,"column":24}},"loc":{"start":{"line":26,"column":42},"end":{"line":31,"column":5}},"line":26},"3":{"name":"(anonymous_3)","decl":{"start":{"line":33,"column":17},"end":{"line":33,"column":18}},"loc":{"start":{"line":33,"column":30},"end":{"line":47,"column":3}},"line":33},"4":{"name":"(anonymous_4)","decl":{"start":{"line":35,"column":35},"end":{"line":35,"column":36}},"loc":{"start":{"line":35,"column":46},"end":{"line":38,"column":7}},"line":35},"5":{"name":"(anonymous_5)","decl":{"start":{"line":39,"column":37},"end":{"line":39,"column":38}},"loc":{"start":{"line":39,"column":56},"end":{"line":42,"column":7}},"line":39},"6":{"name":"(anonymous_6)","decl":{"start":{"line":43,"column":36},"end":{"line":43,"column":37}},"loc":{"start":{"line":43,"column":55},"end":{"line":46,"column":7}},"line":43}},"branchMap":{"0":{"loc":{"start":{"line":22,"column":6},"end":{"line":24,"column":7}},"type":"if","locations":[{"start":{"line":22,"column":6},"end":{"line":24,"column":7}},{"start":{},"end":{}}],"line":22},"1":{"loc":{"start":{"line":28,"column":6},"end":{"line":30,"column":7}},"type":"if","locations":[{"start":{"line":28,"column":6},"end":{"line":30,"column":7}},{"start":{},"end":{}}],"line":28},"2":{"loc":{"start":{"line":45,"column":22},"end":{"line":45,"column":69}},"type":"binary-expr","locations":[{"start":{"line":45,"column":22},"end":{"line":45,"column":42}},{"start":{"line":45,"column":46},"end":{"line":45,"column":69}}],"line":45}},"s":{"0":3,"1":3,"2":0,"3":0,"4":3,"5":0,"6":0,"7":0,"8":0,"9":0,"10":0,"11":3,"12":0,"13":0,"14":0,"15":0,"16":0,"17":0,"18":3},"f":{"0":0,"1":0,"2":0,"3":3,"4":0,"5":0,"6":0},"b":{"0":[0,0],"1":[0,0],"2":[0,0]},"_coverageSchema":"1a1c01bbd47fc00a2c39e90264f33305004495a9","hash":"406b761682159c7742b0db0eaa8155a667291a46"}
,"/home/somanath/employee-polls-wsl/src/pages/AddPoll.js": {"path":"/home/somanath/employee-polls-wsl/src/pages/AddPoll.js","statementMap":{"0":{"start":{"line":8,"column":44},"end":{"line":8,"column":56}},"1":{"start":{"line":9,"column":44},"end":{"line":9,"column":56}},"2":{"start":{"line":10,"column":42},"end":{"line":10,"column":57}},"3":{"start":{"line":11,"column":30},"end":{"line":11,"column":42}},"4":{"start":{"line":13,"column":19},"end":{"line":13,"column":32}},"5":{"start":{"line":14,"column":19},"end":{"line":14,"column":35}},"6":{"start":{"line":15,"column":22},"end":{"line":15,"column":64}},"7":{"start":{"line":15,"column":48},"end":{"line":15,"column":63}},"8":{"start":{"line":17,"column":23},"end":{"line":33,"column":3}},"9":{"start":{"line":18,"column":22},"end":{"line":18,"column":24}},"10":{"start":{"line":20,"column":4},"end":{"line":22,"column":5}},"11":{"start":{"line":21,"column":6},"end":{"line":21,"column":76}},"12":{"start":{"line":24,"column":4},"end":{"line":26,"column":5}},"13":{"start":{"line":25,"column":6},"end":{"line":25,"column":76}},"14":{"start":{"line":28,"column":4},"end":{"line":30,"column":5}},"15":{"start":{"line":29,"column":6},"end":{"line":29,"column":72}},"16":{"start":{"line":32,"column":4},"end":{"line":32,"column":21}},"17":{"start":{"line":35,"column":23},"end":{"line":70,"column":3}},"18":{"start":{"line":36,"column":4},"end":{"line":36,"column":23}},"19":{"start":{"line":38,"column":23},"end":{"line":38,"column":37}},"20":{"start":{"line":39,"column":4},"end":{"line":42,"column":5}},"21":{"start":{"line":40,"column":6},"end":{"line":40,"column":28}},"22":{"start":{"line":41,"column":6},"end":{"line":41,"column":13}},"23":{"start":{"line":44,"column":4},"end":{"line":44,"column":26}},"24":{"start":{"line":45,"column":4},"end":{"line":45,"column":18}},"25":{"start":{"line":47,"column":4},"end":{"line":69,"column":5}},"26":{"start":{"line":48,"column":27},"end":{"line":52,"column":7}},"27":{"start":{"line":54,"column":21},"end":{"line":54,"column":72}},"28":{"start":{"line":57,"column":6},"end":{"line":62,"column":8}},"29":{"start":{"line":64,"column":6},"end":{"line":64,"column":20}},"30":{"start":{"line":66,"column":6},"end":{"line":66,"column":72}},"31":{"start":{"line":68,"column":6},"end":{"line":68,"column":29}},"32":{"start":{"line":72,"column":2},"end":{"line":124,"column":4}},"33":{"start":{"line":89,"column":29},"end":{"line":89,"column":61}},"34":{"start":{"line":102,"column":29},"end":{"line":102,"column":61}},"35":{"start":{"line":116,"column":27},"end":{"line":116,"column":40}}},"fnMap":{"0":{"name":"AddPoll","decl":{"start":{"line":7,"column":24},"end":{"line":7,"column":31}},"loc":{"start":{"line":7,"column":34},"end":{"line":125,"column":1}},"line":7},"1":{"name":"(anonymous_1)","decl":{"start":{"line":15,"column":37},"end":{"line":15,"column":38}},"loc":{"start":{"line":15,"column":48},"end":{"line":15,"column":63}},"line":15},"2":{"name":"(anonymous_2)","decl":{"start":{"line":17,"column":23},"end":{"line":17,"column":24}},"loc":{"start":{"line":17,"column":29},"end":{"line":33,"column":3}},"line":17},"3":{"name":"(anonymous_3)","decl":{"start":{"line":35,"column":23},"end":{"line":35,"column":24}},"loc":{"start":{"line":35,"column":36},"end":{"line":70,"column":3}},"line":35},"4":{"name":"(anonymous_4)","decl":{"start":{"line":89,"column":22},"end":{"line":89,"column":23}},"loc":{"start":{"line":89,"column":29},"end":{"line":89,"column":61}},"line":89},"5":{"name":"(anonymous_5)","decl":{"start":{"line":102,"column":22},"end":{"line":102,"column":23}},"loc":{"start":{"line":102,"column":29},"end":{"line":102,"column":61}},"line":102},"6":{"name":"(anonymous_6)","decl":{"start":{"line":116,"column":21},"end":{"line":116,"column":22}},"loc":{"start":{"line":116,"column":27},"end":{"line":116,"column":40}},"line":116}},"branchMap":{"0":{"loc":{"start":{"line":20,"column":4},"end":{"line":22,"column":5}},"type":"if","locations":[{"start":{"line":20,"column":4},"end":{"line":22,"column":5}},{"start":{},"end":{}}],"line":20},"1":{"loc":{"start":{"line":20,"column":8},"end":{"line":20,"column":64}},"type":"binary-expr","locations":[{"start":{"line":20,"column":8},"end":{"line":20,"column":29}},{"start":{"line":20,"column":33},"end":{"line":20,"column":64}}],"line":20},"2":{"loc":{"start":{"line":24,"column":4},"end":{"line":26,"column":5}},"type":"if","locations":[{"start":{"line":24,"column":4},"end":{"line":26,"column":5}},{"start":{},"end":{}}],"line":24},"3":{"loc":{"start":{"line":24,"column":8},"end":{"line":24,"column":64}},"type":"binary-expr","locations":[{"start":{"line":24,"column":8},"end":{"line":24,"column":29}},{"start":{"line":24,"column":33},"end":{"line":24,"column":64}}],"line":24},"4":{"loc":{"start":{"line":28,"column":4},"end":{"line":30,"column":5}},"type":"if","locations":[{"start":{"line":28,"column":4},"end":{"line":30,"column":5}},{"start":{},"end":{}}],"line":28},"5":{"loc":{"start":{"line":39,"column":4},"end":{"line":42,"column":5}},"type":"if","locations":[{"start":{"line":39,"column":4},"end":{"line":42,"column":5}},{"start":{},"end":{}}],"line":39},"6":{"loc":{"start":{"line":81,"column":9},"end":{"line":81,"column":70}},"type":"binary-expr","locations":[{"start":{"line":81,"column":9},"end":{"line":81,"column":22}},{"start":{"line":81,"column":26},"end":{"line":81,"column":70}}],"line":81},"7":{"loc":{"start":{"line":82,"column":9},"end":{"line":82,"column":76}},"type":"binary-expr","locations":[{"start":{"line":82,"column":9},"end":{"line":82,"column":25}},{"start":{"line":82,"column":29},"end":{"line":82,"column":76}}],"line":82},"8":{"loc":{"start":{"line":92,"column":19},"end":{"line":92,"column":69}},"type":"cond-expr","locations":[{"start":{"line":92,"column":38},"end":{"line":92,"column":64}},{"start":{"line":92,"column":67},"end":{"line":92,"column":69}}],"line":92},"9":{"loc":{"start":{"line":94,"column":11},"end":{"line":94,"column":78}},"type":"binary-expr","locations":[{"start":{"line":94,"column":11},"end":{"line":94,"column":27}},{"start":{"line":94,"column":31},"end":{"line":94,"column":78}}],"line":94},"10":{"loc":{"start":{"line":105,"column":19},"end":{"line":105,"column":69}},"type":"cond-expr","locations":[{"start":{"line":105,"column":38},"end":{"line":105,"column":64}},{"start":{"line":105,"column":67},"end":{"line":105,"column":69}}],"line":105},"11":{"loc":{"start":{"line":107,"column":11},"end":{"line":107,"column":78}},"type":"binary-expr","locations":[{"start":{"line":107,"column":11},"end":{"line":107,"column":27}},{"start":{"line":107,"column":31},"end":{"line":107,"column":78}}],"line":107},"12":{"loc":{"start":{"line":112,"column":13},"end":{"line":112,"column":62}},"type":"cond-expr","locations":[{"start":{"line":112,"column":28},"end":{"line":112,"column":46}},{"start":{"line":112,"column":49},"end":{"line":112,"column":62}}],"line":112}},"s":{"0":0,"1":0,"2":0,"3":0,"4":0,"5":0,"6":0,"7":0,"8":0,"9":0,"10":0,"11":0,"12":0,"13":0,"14":0,"15":0,"16":0,"17":0,"18":0,"19":0,"20":0,"21":0,"22":0,"23":0,"24":0,"25":0,"26":0,"27":0,"28":0,"29":0,"30":0,"31":0,"32":0,"33":0,"34":0,"35":0},"f":{"0":0,"1":0,"2":0,"3":0,"4":0,"5":0,"6":0},"b":{"0":[0,0],"1":[0,0],"2":[0,0],"3":[0,0],"4":[0,0],"5":[0,0],"6":[0,0],"7":[0,0],"8":[0,0],"9":[0,0],"10":[0,0],"11":[0,0],"12":[0,0]}}
,"/home/somanath/employee-polls-wsl/src/pages/Home.js": {"path":"/home/somanath/employee-polls-wsl/src/pages/Home.js","statementMap":{"0":{"start":{"line":6,"column":36},"end":{"line":6,"column":58}},"1":{"start":{"line":8,"column":22},"end":{"line":8,"column":64}},"2":{"start":{"line":8,"column":48},"end":{"line":8,"column":63}},"3":{"start":{"line":9,"column":20},"end":{"line":9,"column":72}},"4":{"start":{"line":9,"column":46},"end":{"line":9,"column":71}},"5":{"start":{"line":12,"column":26},"end":{"line":14,"column":3}},"6":{"start":{"line":13,"column":14},"end":{"line":13,"column":39}},"7":{"start":{"line":17,"column":28},"end":{"line":23,"column":4}},"8":{"start":{"line":18,"column":4},"end":{"line":18,"column":35}},"9":{"start":{"line":18,"column":22},"end":{"line":18,"column":35}},"10":{"start":{"line":19,"column":4},"end":{"line":22,"column":6}},"11":{"start":{"line":25,"column":30},"end":{"line":31,"column":4}},"12":{"start":{"line":26,"column":4},"end":{"line":26,"column":34}},"13":{"start":{"line":26,"column":22},"end":{"line":26,"column":34}},"14":{"start":{"line":27,"column":4},"end":{"line":30,"column":6}},"15":{"start":{"line":34,"column":4},"end":{"line":34,"column":70}},"16":{"start":{"line":36,"column":2},"end":{"line":77,"column":4}},"17":{"start":{"line":46,"column":25},"end":{"line":46,"column":51}},"18":{"start":{"line":52,"column":25},"end":{"line":52,"column":49}},"19":{"start":{"line":63,"column":12},"end":{"line":63,"column":62}}},"fnMap":{"0":{"name":"Home","decl":{"start":{"line":5,"column":24},"end":{"line":5,"column":28}},"loc":{"start":{"line":5,"column":31},"end":{"line":78,"column":1}},"line":5},"1":{"name":"(anonymous_1)","decl":{"start":{"line":8,"column":37},"end":{"line":8,"column":38}},"loc":{"start":{"line":8,"column":48},"end":{"line":8,"column":63}},"line":8},"2":{"name":"(anonymous_2)","decl":{"start":{"line":9,"column":35},"end":{"line":9,"column":36}},"loc":{"start":{"line":9,"column":46},"end":{"line":9,"column":71}},"line":9},"3":{"name":"(anonymous_3)","decl":{"start":{"line":13,"column":4},"end":{"line":13,"column":5}},"loc":{"start":{"line":13,"column":14},"end":{"line":13,"column":39}},"line":13},"4":{"name":"(anonymous_4)","decl":{"start":{"line":17,"column":51},"end":{"line":17,"column":52}},"loc":{"start":{"line":17,"column":65},"end":{"line":23,"column":3}},"line":17},"5":{"name":"(anonymous_5)","decl":{"start":{"line":25,"column":53},"end":{"line":25,"column":54}},"loc":{"start":{"line":25,"column":67},"end":{"line":31,"column":3}},"line":25},"6":{"name":"(anonymous_6)","decl":{"start":{"line":46,"column":19},"end":{"line":46,"column":20}},"loc":{"start":{"line":46,"column":25},"end":{"line":46,"column":51}},"line":46},"7":{"name":"(anonymous_7)","decl":{"start":{"line":52,"column":19},"end":{"line":52,"column":20}},"loc":{"start":{"line":52,"column":25},"end":{"line":52,"column":49}},"line":52},"8":{"name":"(anonymous_8)","decl":{"start":{"line":62,"column":33},"end":{"line":62,"column":34}},"loc":{"start":{"line":63,"column":12},"end":{"line":63,"column":62}},"line":63}},"branchMap":{"0":{"loc":{"start":{"line":18,"column":4},"end":{"line":18,"column":35}},"type":"if","locations":[{"start":{"line":18,"column":4},"end":{"line":18,"column":35}},{"start":{},"end":{}}],"line":18},"1":{"loc":{"start":{"line":20,"column":6},"end":{"line":21,"column":52}},"type":"binary-expr","locations":[{"start":{"line":20,"column":6},"end":{"line":20,"column":52}},{"start":{"line":21,"column":6},"end":{"line":21,"column":52}}],"line":20},"2":{"loc":{"start":{"line":26,"column":4},"end":{"line":26,"column":34}},"type":"if","locations":[{"start":{"line":26,"column":4},"end":{"line":26,"column":34}},{"start":{},"end":{}}],"line":26},"3":{"loc":{"start":{"line":28,"column":6},"end":{"line":29,"column":53}},"type":"binary-expr","locations":[{"start":{"line":28,"column":6},"end":{"line":28,"column":53}},{"start":{"line":29,"column":6},"end":{"line":29,"column":53}}],"line":28},"4":{"loc":{"start":{"line":34,"column":4},"end":{"line":34,"column":70}},"type":"cond-expr","locations":[{"start":{"line":34,"column":31},"end":{"line":34,"column":48}},{"start":{"line":34,"column":51},"end":{"line":34,"column":70}}],"line":34},"5":{"loc":{"start":{"line":47,"column":28},"end":{"line":47,"column":70}},"type":"cond-expr","locations":[{"start":{"line":47,"column":57},"end":{"line":47,"column":65}},{"start":{"line":47,"column":68},"end":{"line":47,"column":70}}],"line":47},"6":{"loc":{"start":{"line":53,"column":28},"end":{"line":53,"column":68}},"type":"cond-expr","locations":[{"start":{"line":53,"column":55},"end":{"line":53,"column":63}},{"start":{"line":53,"column":66},"end":{"line":53,"column":68}}],"line":53},"7":{"loc":{"start":{"line":61,"column":9},"end":{"line":74,"column":9}},"type":"cond-expr","locations":[{"start":{"line":62,"column":10},"end":{"line":64,"column":12}},{"start":{"line":66,"column":10},"end":{"line":73,"column":16}}],"line":61},"8":{"loc":{"start":{"line":69,"column":15},"end":{"line":71,"column":64}},"type":"cond-expr","locations":[{"start":{"line":70,"column":18},"end":{"line":70,"column":67}},{"start":{"line":71,"column":18},"end":{"line":71,"column":64}}],"line":69}},"s":{"0":0,"1":0,"2":0,"3":0,"4":0,"5":0,"6":0,"7":0,"8":0,"9":0,"10":0,"11":0,"12":0,"13":0,"14":0,"15":0,"16":0,"17":0,"18":0,"19":0},"f":{"0":0,"1":0,"2":0,"3":0,"4":0,"5":0,"6":0,"7":0,"8":0},"b":{"0":[0,0],"1":[0,0],"2":[0,0],"3":[0,0],"4":[0,0],"5":[0,0],"6":[0,0],"7":[0,0],"8":[0,0]}}
,"/home/somanath/employee-polls-wsl/src/pages/Leaderboard.js": {"path":"/home/somanath/employee-polls-wsl/src/pages/Leaderboard.js","statementMap":{"0":{"start":{"line":4,"column":16},"end":{"line":4,"column":60}},"1":{"start":{"line":4,"column":42},"end":{"line":4,"column":59}},"2":{"start":{"line":5,"column":20},"end":{"line":5,"column":72}},"3":{"start":{"line":5,"column":46},"end":{"line":5,"column":71}},"4":{"start":{"line":8,"column":26},"end":{"line":21,"column":48}},"5":{"start":{"line":10,"column":29},"end":{"line":10,"column":50}},"6":{"start":{"line":11,"column":32},"end":{"line":11,"column":64}},"7":{"start":{"line":12,"column":25},"end":{"line":12,"column":59}},"8":{"start":{"line":14,"column":6},"end":{"line":19,"column":8}},"9":{"start":{"line":21,"column":20},"end":{"line":21,"column":47}},"10":{"start":{"line":23,"column":2},"end":{"line":64,"column":4}},"11":{"start":{"line":30,"column":10},"end":{"line":60,"column":16}}},"fnMap":{"0":{"name":"Leaderboard","decl":{"start":{"line":3,"column":24},"end":{"line":3,"column":35}},"loc":{"start":{"line":3,"column":38},"end":{"line":65,"column":1}},"line":3},"1":{"name":"(anonymous_1)","decl":{"start":{"line":4,"column":31},"end":{"line":4,"column":32}},"loc":{"start":{"line":4,"column":42},"end":{"line":4,"column":59}},"line":4},"2":{"name":"(anonymous_2)","decl":{"start":{"line":5,"column":35},"end":{"line":5,"column":36}},"loc":{"start":{"line":5,"column":46},"end":{"line":5,"column":71}},"line":5},"3":{"name":"(anonymous_3)","decl":{"start":{"line":9,"column":9},"end":{"line":9,"column":10}},"loc":{"start":{"line":9,"column":19},"end":{"line":20,"column":5}},"line":9},"4":{"name":"(anonymous_4)","decl":{"start":{"line":21,"column":10},"end":{"line":21,"column":11}},"loc":{"start":{"line":21,"column":20},"end":{"line":21,"column":47}},"line":21},"5":{"name":"(anonymous_5)","decl":{"start":{"line":29,"column":29},"end":{"line":29,"column":30}},"loc":{"start":{"line":30,"column":10},"end":{"line":60,"column":16}},"line":30}},"branchMap":{},"s":{"0":0,"1":0,"2":0,"3":0,"4":0,"5":0,"6":0,"7":0,"8":0,"9":0,"10":0,"11":0},"f":{"0":0,"1":0,"2":0,"3":0,"4":0,"5":0},"b":{}}
,"/home/somanath/employee-polls-wsl/src/pages/NotFound.js": {"path":"/home/somanath/employee-polls-wsl/src/pages/NotFound.js","statementMap":{"0":{"start":{"line":4,"column":2},"end":{"line":15,"column":4}}},"fnMap":{"0":{"name":"NotFound","decl":{"start":{"line":3,"column":24},"end":{"line":3,"column":32}},"loc":{"start":{"line":3,"column":35},"end":{"line":16,"column":1}},"line":3}},"branchMap":{},"s":{"0":0},"f":{"0":0},"b":{}}
,"/home/somanath/employee-polls-wsl/src/pages/Question.js": {"path":"/home/somanath/employee-polls-wsl/src/pages/Question.js","statementMap":{"0":{"start":{"line":8,"column":17},"end":{"line":8,"column":28}},"1":{"start":{"line":9,"column":46},"end":{"line":9,"column":58}},"2":{"start":{"line":10,"column":42},"end":{"line":10,"column":57}},"3":{"start":{"line":12,"column":19},"end":{"line":12,"column":35}},"4":{"start":{"line":13,"column":22},"end":{"line":13,"column":64}},"5":{"start":{"line":13,"column":48},"end":{"line":13,"column":63}},"6":{"start":{"line":14,"column":19},"end":{"line":14,"column":75}},"7":{"start":{"line":14,"column":45},"end":{"line":14,"column":74}},"8":{"start":{"line":15,"column":16},"end":{"line":15,"column":60}},"9":{"start":{"line":15,"column":42},"end":{"line":15,"column":59}},"10":{"start":{"line":17,"column":2},"end":{"line":19,"column":3}},"11":{"start":{"line":18,"column":4},"end":{"line":18,"column":42}},"12":{"start":{"line":21,"column":17},"end":{"line":21,"column":39}},"13":{"start":{"line":23,"column":4},"end":{"line":24,"column":50}},"14":{"start":{"line":26,"column":21},"end":{"line":30,"column":10}},"15":{"start":{"line":33,"column":4},"end":{"line":33,"column":69}},"16":{"start":{"line":35,"column":4},"end":{"line":35,"column":77}},"17":{"start":{"line":37,"column":4},"end":{"line":37,"column":77}},"18":{"start":{"line":39,"column":23},"end":{"line":66,"column":3}},"19":{"start":{"line":40,"column":4},"end":{"line":40,"column":23}},"20":{"start":{"line":41,"column":4},"end":{"line":41,"column":32}},"21":{"start":{"line":41,"column":25},"end":{"line":41,"column":32}},"22":{"start":{"line":43,"column":4},"end":{"line":43,"column":26}},"23":{"start":{"line":45,"column":4},"end":{"line":65,"column":5}},"24":{"start":{"line":46,"column":6},"end":{"line":52,"column":17}},"25":{"start":{"line":54,"column":6},"end":{"line":60,"column":8}},"26":{"start":{"line":62,"column":6},"end":{"line":62,"column":53}},"27":{"start":{"line":64,"column":6},"end":{"line":64,"column":29}},"28":{"start":{"line":68,"column":2},"end":{"line":197,"column":4}},"29":{"start":{"line":93,"column":31},"end":{"line":93,"column":61}},"30":{"start":{"line":100,"column":34},"end":{"line":100,"column":64}},"31":{"start":{"line":108,"column":31},"end":{"line":108,"column":61}},"32":{"start":{"line":115,"column":34},"end":{"line":115,"column":64}}},"fnMap":{"0":{"name":"Question","decl":{"start":{"line":7,"column":24},"end":{"line":7,"column":32}},"loc":{"start":{"line":7,"column":35},"end":{"line":198,"column":1}},"line":7},"1":{"name":"(anonymous_1)","decl":{"start":{"line":13,"column":37},"end":{"line":13,"column":38}},"loc":{"start":{"line":13,"column":48},"end":{"line":13,"column":63}},"line":13},"2":{"name":"(anonymous_2)","decl":{"start":{"line":14,"column":34},"end":{"line":14,"column":35}},"loc":{"start":{"line":14,"column":45},"end":{"line":14,"column":74}},"line":14},"3":{"name":"(anonymous_3)","decl":{"start":{"line":15,"column":31},"end":{"line":15,"column":32}},"loc":{"start":{"line":15,"column":42},"end":{"line":15,"column":59}},"line":15},"4":{"name":"(anonymous_4)","decl":{"start":{"line":39,"column":23},"end":{"line":39,"column":24}},"loc":{"start":{"line":39,"column":36},"end":{"line":66,"column":3}},"line":39},"5":{"name":"(anonymous_5)","decl":{"start":{"line":93,"column":25},"end":{"line":93,"column":26}},"loc":{"start":{"line":93,"column":31},"end":{"line":93,"column":61}},"line":93},"6":{"name":"(anonymous_6)","decl":{"start":{"line":100,"column":28},"end":{"line":100,"column":29}},"loc":{"start":{"line":100,"column":34},"end":{"line":100,"column":64}},"line":100},"7":{"name":"(anonymous_7)","decl":{"start":{"line":108,"column":25},"end":{"line":108,"column":26}},"loc":{"start":{"line":108,"column":31},"end":{"line":108,"column":61}},"line":108},"8":{"name":"(anonymous_8)","decl":{"start":{"line":115,"column":28},"end":{"line":115,"column":29}},"loc":{"start":{"line":115,"column":34},"end":{"line":115,"column":64}},"line":115}},"branchMap":{"0":{"loc":{"start":{"line":17,"column":2},"end":{"line":19,"column":3}},"type":"if","locations":[{"start":{"line":17,"column":2},"end":{"line":19,"column":3}},{"start":{},"end":{}}],"line":17},"1":{"loc":{"start":{"line":23,"column":4},"end":{"line":24,"column":50}},"type":"binary-expr","locations":[{"start":{"line":23,"column":4},"end":{"line":23,"column":50}},{"start":{"line":24,"column":4},"end":{"line":24,"column":50}}],"line":23},"2":{"loc":{"start":{"line":26,"column":21},"end":{"line":30,"column":10}},"type":"cond-expr","locations":[{"start":{"line":27,"column":6},"end":{"line":29,"column":19}},{"start":{"line":30,"column":6},"end":{"line":30,"column":10}}],"line":26},"3":{"loc":{"start":{"line":27,"column":6},"end":{"line":29,"column":19}},"type":"cond-expr","locations":[{"start":{"line":28,"column":8},"end":{"line":28,"column":19}},{"start":{"line":29,"column":8},"end":{"line":29,"column":19}}],"line":27},"4":{"loc":{"start":{"line":35,"column":4},"end":{"line":35,"column":77}},"type":"cond-expr","locations":[{"start":{"line":35,"column":21},"end":{"line":35,"column":73}},{"start":{"line":35,"column":76},"end":{"line":35,"column":77}}],"line":35},"5":{"loc":{"start":{"line":37,"column":4},"end":{"line":37,"column":77}},"type":"cond-expr","locations":[{"start":{"line":37,"column":21},"end":{"line":37,"column":73}},{"start":{"line":37,"column":76},"end":{"line":37,"column":77}}],"line":37},"6":{"loc":{"start":{"line":41,"column":4},"end":{"line":41,"column":32}},"type":"if","locations":[{"start":{"line":41,"column":4},"end":{"line":41,"column":32}},{"start":{},"end":{}}],"line":41},"7":{"loc":{"start":{"line":71,"column":9},"end":{"line":86,"column":9}},"type":"binary-expr","locations":[{"start":{"line":71,"column":9},"end":{"line":71,"column":15}},{"start":{"line":72,"column":10},"end":{"line":85,"column":16}}],"line":71},"8":{"loc":{"start":{"line":88,"column":9},"end":{"line":194,"column":9}},"type":"cond-expr","locations":[{"start":{"line":89,"column":10},"end":{"line":131,"column":17}},{"start":{"line":133,"column":10},"end":{"line":193,"column":16}}],"line":88},"9":{"loc":{"start":{"line":92,"column":42},"end":{"line":92,"column":90}},"type":"cond-expr","locations":[{"start":{"line":92,"column":75},"end":{"line":92,"column":85}},{"start":{"line":92,"column":88},"end":{"line":92,"column":90}}],"line":92},"10":{"loc":{"start":{"line":107,"column":42},"end":{"line":107,"column":90}},"type":"cond-expr","locations":[{"start":{"line":107,"column":75},"end":{"line":107,"column":85}},{"start":{"line":107,"column":88},"end":{"line":107,"column":90}}],"line":107},"11":{"loc":{"start":{"line":125,"column":26},"end":{"line":125,"column":57}},"type":"binary-expr","locations":[{"start":{"line":125,"column":26},"end":{"line":125,"column":41}},{"start":{"line":125,"column":45},"end":{"line":125,"column":57}}],"line":125},"12":{"loc":{"start":{"line":128,"column":17},"end":{"line":128,"column":63}},"type":"cond-expr","locations":[{"start":{"line":128,"column":32},"end":{"line":128,"column":47}},{"start":{"line":128,"column":50},"end":{"line":128,"column":63}}],"line":128},"13":{"loc":{"start":{"line":155,"column":17},"end":{"line":155,"column":63}},"type":"binary-expr","locations":[{"start":{"line":155,"column":17},"end":{"line":155,"column":43}},{"start":{"line":155,"column":47},"end":{"line":155,"column":63}}],"line":155},"14":{"loc":{"start":{"line":178,"column":17},"end":{"line":178,"column":63}},"type":"binary-expr","locations":[{"start":{"line":178,"column":17},"end":{"line":178,"column":43}},{"start":{"line":178,"column":47},"end":{"line":178,"column":63}}],"line":178}},"s":{"0":0,"1":0,"2":0,"3":0,"4":0,"5":0,"6":0,"7":0,"8":0,"9":0,"10":0,"11":0,"12":0,"13":0,"14":0,"15":0,"16":0,"17":0,"18":0,"19":0,"20":0,"21":0,"22":0,"23":0,"24":0,"25":0,"26":0,"27":0,"28":0,"29":0,"30":0,"31":0,"32":0},"f":{"0":0,"1":0,"2":0,"3":0,"4":0,"5":0,"6":0,"7":0,"8":0},"b":{"0":[0,0],"1":[0,0],"2":[0,0],"3":[0,0],"4":[0,0],"5":[0,0],"6":[0,0],"7":[0,0],"8":[0,0],"9":[0,0],"10":[0,0],"11":[0,0],"12":[0,0],"13":[0,0],"14":[0,0]}}
,"/home/somanath/employee-polls-wsl/src/store/hooks.js": {"path":"/home/somanath/employee-polls-wsl/src/store/hooks.js","statementMap":{"0":{"start":{"line":3,"column":30},"end":{"line":3,"column":49}},"1":{"start":{"line":3,"column":36},"end":{"line":3,"column":49}},"2":{"start":{"line":4,"column":30},"end":{"line":4,"column":41}}},"fnMap":{"0":{"name":"(anonymous_0)","decl":{"start":{"line":3,"column":30},"end":{"line":3,"column":31}},"loc":{"start":{"line":3,"column":36},"end":{"line":3,"column":49}},"line":3}},"branchMap":{},"s":{"0":3,"1":10,"2":3},"f":{"0":10},"b":{},"_coverageSchema":"1a1c01bbd47fc00a2c39e90264f33305004495a9","hash":"3eb98857a92fde2926475f34e501061f44d2bd78"}
,"/home/somanath/employee-polls-wsl/src/store/store.js": {"path":"/home/somanath/employee-polls-wsl/src/store/store.js","statementMap":{"0":{"start":{"line":6,"column":21},"end":{"line":12,"column":2}}},"fnMap":{},"branchMap":{},"s":{"0":0},"f":{},"b":{}}
,"/home/somanath/employee-polls-wsl/src/utils/_DATA.js": {"path":"/home/somanath/employee-polls-wsl/src/utils/_DATA.js","statementMap":{"0":{"start":{"line":1,"column":12},"end":{"line":41,"column":1}},"1":{"start":{"line":43,"column":16},"end":{"line":122,"column":1}},"2":{"start":{"line":125,"column":2},"end":{"line":128,"column":4}},"3":{"start":{"line":132,"column":2},"end":{"line":134,"column":5}},"4":{"start":{"line":133,"column":4},"end":{"line":133,"column":50}},"5":{"start":{"line":133,"column":21},"end":{"line":133,"column":42}},"6":{"start":{"line":138,"column":2},"end":{"line":140,"column":5}},"7":{"start":{"line":139,"column":4},"end":{"line":139,"column":54}},"8":{"start":{"line":139,"column":21},"end":{"line":139,"column":46}},"9":{"start":{"line":144,"column":2},"end":{"line":156,"column":4}},"10":{"start":{"line":160,"column":2},"end":{"line":178,"column":5}},"11":{"start":{"line":161,"column":4},"end":{"line":167,"column":5}},"12":{"start":{"line":166,"column":6},"end":{"line":166,"column":72}},"13":{"start":{"line":169,"column":30},"end":{"line":169,"column":54}},"14":{"start":{"line":170,"column":4},"end":{"line":177,"column":13}},"15":{"start":{"line":171,"column":6},"end":{"line":174,"column":8}},"16":{"start":{"line":176,"column":6},"end":{"line":176,"column":33}},"17":{"start":{"line":182,"column":2},"end":{"line":212,"column":5}},"18":{"start":{"line":183,"column":4},"end":{"line":185,"column":5}},"19":{"start":{"line":184,"column":6},"end":{"line":184,"column":59}},"20":{"start":{"line":187,"column":4},"end":{"line":211,"column":12}},"21":{"start":{"line":188,"column":6},"end":{"line":197,"column":8}},"22":{"start":{"line":199,"column":6},"end":{"line":208,"column":8}},"23":{"start":{"line":210,"column":6},"end":{"line":210,"column":20}}},"fnMap":{"0":{"name":"generateUID","decl":{"start":{"line":124,"column":9},"end":{"line":124,"column":20}},"loc":{"start":{"line":124,"column":23},"end":{"line":129,"column":1}},"line":124},"1":{"name":"_getUsers","decl":{"start":{"line":131,"column":16},"end":{"line":131,"column":25}},"loc":{"start":{"line":131,"column":28},"end":{"line":135,"column":1}},"line":131},"2":{"name":"(anonymous_2)","decl":{"start":{"line":132,"column":21},"end":{"line":132,"column":22}},"loc":{"start":{"line":132,"column":34},"end":{"line":134,"column":3}},"line":132},"3":{"name":"(anonymous_3)","decl":{"start":{"line":133,"column":15},"end":{"line":133,"column":16}},"loc":{"start":{"line":133,"column":21},"end":{"line":133,"column":42}},"line":133},"4":{"name":"_getQuestions","decl":{"start":{"line":137,"column":16},"end":{"line":137,"column":29}},"loc":{"start":{"line":137,"column":32},"end":{"line":141,"column":1}},"line":137},"5":{"name":"(anonymous_5)","decl":{"start":{"line":138,"column":21},"end":{"line":138,"column":22}},"loc":{"start":{"line":138,"column":34},"end":{"line":140,"column":3}},"line":138},"6":{"name":"(anonymous_6)","decl":{"start":{"line":139,"column":15},"end":{"line":139,"column":16}},"loc":{"start":{"line":139,"column":21},"end":{"line":139,"column":46}},"line":139},"7":{"name":"formatQuestion","decl":{"start":{"line":143,"column":9},"end":{"line":143,"column":23}},"loc":{"start":{"line":143,"column":66},"end":{"line":157,"column":1}},"line":143},"8":{"name":"_saveQuestion","decl":{"start":{"line":159,"column":16},"end":{"line":159,"column":29}},"loc":{"start":{"line":159,"column":40},"end":{"line":179,"column":1}},"line":159},"9":{"name":"(anonymous_9)","decl":{"start":{"line":160,"column":21},"end":{"line":160,"column":22}},"loc":{"start":{"line":160,"column":42},"end":{"line":178,"column":3}},"line":160},"10":{"name":"(anonymous_10)","decl":{"start":{"line":170,"column":15},"end":{"line":170,"column":16}},"loc":{"start":{"line":170,"column":21},"end":{"line":177,"column":5}},"line":170},"11":{"name":"_saveQuestionAnswer","decl":{"start":{"line":181,"column":16},"end":{"line":181,"column":35}},"loc":{"start":{"line":181,"column":65},"end":{"line":213,"column":1}},"line":181},"12":{"name":"(anonymous_12)","decl":{"start":{"line":182,"column":21},"end":{"line":182,"column":22}},"loc":{"start":{"line":182,"column":42},"end":{"line":212,"column":3}},"line":182},"13":{"name":"(anonymous_13)","decl":{"start":{"line":187,"column":15},"end":{"line":187,"column":16}},"loc":{"start":{"line":187,"column":21},"end":{"line":211,"column":5}},"line":187}},"branchMap":{"0":{"loc":{"start":{"line":161,"column":4},"end":{"line":167,"column":5}},"type":"if","locations":[{"start":{"line":161,"column":4},"end":{"line":167,"column":5}},{"start":{},"end":{}}],"line":161},"1":{"loc":{"start":{"line":162,"column":6},"end":{"line":164,"column":22}},"type":"binary-expr","locations":[{"start":{"line":162,"column":6},"end":{"line":162,"column":29}},{"start":{"line":163,"column":6},"end":{"line":163,"column":29}},{"start":{"line":164,"column":6},"end":{"line":164,"column":22}}],"line":162},"2":{"loc":{"start":{"line":183,"column":4},"end":{"line":185,"column":5}},"type":"if","locations":[{"start":{"line":183,"column":4},"end":{"line":185,"column":5}},{"start":{},"end":{}}],"line":183},"3":{"loc":{"start":{"line":183,"column":8},"end":{"line":183,"column":38}},"type":"binary-expr","locations":[{"start":{"line":183,"column":8},"end":{"line":183,"column":19}},{"start":{"line":183,"column":23},"end":{"line":183,"column":27}},{"start":{"line":183,"column":31},"end":{"line":183,"column":38}}],"line":183}},"s":{"0":5,"1":5,"2":6,"3":0,"4":0,"5":0,"6":0,"7":0,"8":0,"9":6,"10":6,"11":6,"12":4,"13":6,"14":6,"15":2,"16":2,"17":6,"18":6,"19":4,"20":6,"21":2,"22":2,"23":2},"f":{"0":6,"1":0,"2":0,"3":0,"4":0,"5":0,"6":0,"7":6,"8":6,"9":6,"10":2,"11":6,"12":6,"13":2},"b":{"0":[4,2],"1":[6,4,3],"2":[4,2],"3":[6,4,3]},"_coverageSchema":"1a1c01bbd47fc00a2c39e90264f33305004495a9","hash":"f1866be392280a12f3533d2d3f34690b4f1175eb"}
}
