TN:
SF:src/App.js
FN:11,App
FNF:1
FNH:0
FNDA:0,App
DA:12,0
LF:1
LH:0
BRF:0
BRH:0
end_of_record
TN:
SF:src/index.js
FNF:0
FNH:0
DA:8,0
DA:9,0
LF:2
LH:0
BRF:0
BRH:0
end_of_record
TN:
SF:src/components/AppLayout.js
FN:8,AppLayout
FN:10,(anonymous_1)
FN:11,(anonymous_2)
FN:12,(anonymous_3)
FN:15,(anonymous_4)
FNF:5
FNH:0
FNDA:0,AppLayout
FNDA:0,(anonymous_1)
FNDA:0,(anonymous_2)
FNDA:0,(anonymous_3)
FNDA:0,(anonymous_4)
DA:9,0
DA:10,0
DA:11,0
DA:12,0
DA:15,0
DA:16,0
DA:17,0
DA:18,0
DA:22,0
DA:24,0
LF:10
LH:0
BRDA:16,0,0,0
BRDA:16,0,1,0
BRDA:22,1,0,0
BRDA:22,1,1,0
BRDA:30,2,0,0
BRDA:30,2,1,0
BRF:6
BRH:0
end_of_record
TN:
SF:src/components/LoginPage.js
FN:7,LoginPage
FN:15,(anonymous_1)
FN:19,(anonymous_2)
FN:25,(anonymous_3)
FN:79,(anonymous_4)
FN:83,(anonymous_5)
FN:98,(anonymous_6)
FNF:7
FNH:7
FNDA:9,LoginPage
FNDA:13,(anonymous_1)
FNDA:3,(anonymous_2)
FNDA:2,(anonymous_3)
FNDA:2,(anonymous_4)
FNDA:18,(anonymous_5)
FNDA:2,(anonymous_6)
DA:8,9
DA:9,9
DA:10,9
DA:12,9
DA:13,9
DA:14,9
DA:15,13
DA:17,9
DA:19,9
DA:20,3
DA:21,0
DA:25,9
DA:26,2
DA:27,2
DA:29,2
DA:30,0
DA:31,0
DA:34,2
DA:35,2
DA:36,0
DA:37,0
DA:40,2
DA:41,1
DA:42,1
DA:45,1
DA:46,1
DA:49,9
DA:50,0
DA:57,9
DA:79,2
DA:84,18
DA:98,2
LF:32
LH:26
BRDA:17,0,0,9
BRDA:17,0,1,9
BRDA:20,1,0,0
BRDA:20,1,1,3
BRDA:29,2,0,0
BRDA:29,2,1,2
BRDA:29,3,0,2
BRDA:29,3,1,2
BRDA:35,4,0,0
BRDA:35,4,1,2
BRDA:40,5,0,1
BRDA:40,5,1,1
BRDA:49,6,0,0
BRDA:49,6,1,9
BRDA:104,7,0,9
BRDA:104,7,1,1
BRF:16
BRH:12
end_of_record
TN:
SF:src/components/Navigation.js
FN:6,Navigation
FN:7,(anonymous_1)
FN:8,(anonymous_2)
FN:12,(anonymous_3)
FNF:4
FNH:3
FNDA:1,Navigation
FNDA:2,(anonymous_1)
FNDA:2,(anonymous_2)
FNDA:0,(anonymous_3)
DA:7,2
DA:8,2
DA:9,1
DA:10,1
DA:12,1
DA:13,0
DA:14,0
DA:17,1
DA:18,0
DA:21,1
DA:23,1
LF:11
LH:8
BRDA:17,0,0,0
BRDA:17,0,1,1
BRDA:21,1,0,1
BRDA:21,1,1,0
BRDA:39,2,0,1
BRDA:39,2,1,1
BRF:6
BRH:4
end_of_record
TN:
SF:src/components/PollCard.js
FN:6,PollCard
FN:7,(anonymous_1)
FN:8,(anonymous_2)
FN:15,(anonymous_3)
FNF:4
FNH:4
FNDA:1,PollCard
FNDA:2,(anonymous_1)
FNDA:2,(anonymous_2)
FNDA:1,(anonymous_3)
DA:7,2
DA:8,2
DA:10,1
DA:12,1
DA:15,1
DA:16,1
DA:25,1
LF:7
LH:7
BRDA:12,0,0,1
BRDA:12,0,1,1
BRDA:12,0,2,1
BRDA:12,0,3,1
BRDA:28,1,0,1
BRDA:28,1,1,1
BRDA:61,2,0,0
BRDA:61,2,1,1
BRDA:64,3,0,0
BRDA:64,3,1,1
BRF:10
BRH:8
end_of_record
TN:
SF:src/components/ProtectedRoute.js
FN:5,ProtectedRoute
FN:6,(anonymous_1)
FN:10,(anonymous_2)
FNF:3
FNH:0
FNDA:0,ProtectedRoute
FNDA:0,(anonymous_1)
FNDA:0,(anonymous_2)
DA:6,0
DA:7,0
DA:8,0
DA:10,0
DA:11,0
DA:13,0
DA:17,0
DA:18,0
DA:21,0
LF:9
LH:0
BRDA:11,0,0,0
BRDA:11,0,1,0
BRDA:17,1,0,0
BRDA:17,1,1,0
BRF:4
BRH:0
end_of_record
TN:
SF:src/features/auth/authSlice.js
FN:12,(anonymous_0)
FN:16,(anonymous_1)
FNF:2
FNH:1
FNDA:1,(anonymous_0)
FNDA:0,(anonymous_1)
DA:3,3
DA:8,3
DA:13,1
DA:14,1
DA:17,0
DA:18,0
DA:23,3
LF:7
LH:5
BRF:0
BRH:0
end_of_record
TN:
SF:src/features/questions/questionsSlice.js
FN:17,(anonymous_0)
FN:25,(anonymous_1)
FN:33,(anonymous_2)
FN:43,(anonymous_3)
FN:46,(anonymous_4)
FN:50,(anonymous_5)
FN:54,(anonymous_6)
FN:59,(anonymous_7)
FN:63,(anonymous_8)
FNF:9
FNH:1
FNDA:0,(anonymous_0)
FNDA:0,(anonymous_1)
FNDA:0,(anonymous_2)
FNDA:3,(anonymous_3)
FNDA:0,(anonymous_4)
FNDA:0,(anonymous_5)
FNDA:0,(anonymous_6)
FNDA:0,(anonymous_7)
FNDA:0,(anonymous_8)
DA:8,3
DA:15,3
DA:18,0
DA:19,0
DA:23,3
DA:26,0
DA:27,0
DA:31,3
DA:34,0
DA:35,0
DA:39,3
DA:44,3
DA:47,0
DA:48,0
DA:51,0
DA:52,0
DA:55,0
DA:56,0
DA:60,0
DA:64,0
DA:65,0
DA:66,0
LF:22
LH:6
BRDA:56,0,0,0
BRDA:56,0,1,0
BRDA:65,1,0,0
BRDA:65,1,1,0
BRF:4
BRH:0
end_of_record
TN:
SF:src/features/users/usersSlice.js
FN:11,(anonymous_0)
FN:20,(anonymous_1)
FN:26,(anonymous_2)
FN:33,(anonymous_3)
FN:35,(anonymous_4)
FN:39,(anonymous_5)
FN:43,(anonymous_6)
FNF:7
FNH:1
FNDA:0,(anonymous_0)
FNDA:0,(anonymous_1)
FNDA:0,(anonymous_2)
FNDA:3,(anonymous_3)
FNDA:0,(anonymous_4)
FNDA:0,(anonymous_5)
FNDA:0,(anonymous_6)
DA:4,3
DA:11,3
DA:12,0
DA:13,0
DA:16,3
DA:21,0
DA:22,0
DA:23,0
DA:27,0
DA:28,0
DA:29,0
DA:34,3
DA:36,0
DA:37,0
DA:40,0
DA:41,0
DA:44,0
DA:45,0
DA:50,3
LF:19
LH:5
BRDA:22,0,0,0
BRDA:22,0,1,0
BRDA:28,1,0,0
BRDA:28,1,1,0
BRDA:45,2,0,0
BRDA:45,2,1,0
BRF:6
BRH:0
end_of_record
TN:
SF:src/pages/AddPoll.js
FN:7,AddPoll
FN:15,(anonymous_1)
FN:17,(anonymous_2)
FN:35,(anonymous_3)
FN:89,(anonymous_4)
FN:102,(anonymous_5)
FN:116,(anonymous_6)
FNF:7
FNH:0
FNDA:0,AddPoll
FNDA:0,(anonymous_1)
FNDA:0,(anonymous_2)
FNDA:0,(anonymous_3)
FNDA:0,(anonymous_4)
FNDA:0,(anonymous_5)
FNDA:0,(anonymous_6)
DA:8,0
DA:9,0
DA:10,0
DA:11,0
DA:13,0
DA:14,0
DA:15,0
DA:17,0
DA:18,0
DA:20,0
DA:21,0
DA:24,0
DA:25,0
DA:28,0
DA:29,0
DA:32,0
DA:35,0
DA:36,0
DA:38,0
DA:39,0
DA:40,0
DA:41,0
DA:44,0
DA:45,0
DA:47,0
DA:48,0
DA:54,0
DA:57,0
DA:64,0
DA:66,0
DA:68,0
DA:72,0
DA:89,0
DA:102,0
DA:116,0
LF:35
LH:0
BRDA:20,0,0,0
BRDA:20,0,1,0
BRDA:20,1,0,0
BRDA:20,1,1,0
BRDA:24,2,0,0
BRDA:24,2,1,0
BRDA:24,3,0,0
BRDA:24,3,1,0
BRDA:28,4,0,0
BRDA:28,4,1,0
BRDA:39,5,0,0
BRDA:39,5,1,0
BRDA:81,6,0,0
BRDA:81,6,1,0
BRDA:82,7,0,0
BRDA:82,7,1,0
BRDA:92,8,0,0
BRDA:92,8,1,0
BRDA:94,9,0,0
BRDA:94,9,1,0
BRDA:105,10,0,0
BRDA:105,10,1,0
BRDA:107,11,0,0
BRDA:107,11,1,0
BRDA:112,12,0,0
BRDA:112,12,1,0
BRF:26
BRH:0
end_of_record
TN:
SF:src/pages/Home.js
FN:5,Home
FN:8,(anonymous_1)
FN:9,(anonymous_2)
FN:13,(anonymous_3)
FN:17,(anonymous_4)
FN:25,(anonymous_5)
FN:46,(anonymous_6)
FN:52,(anonymous_7)
FN:62,(anonymous_8)
FNF:9
FNH:0
FNDA:0,Home
FNDA:0,(anonymous_1)
FNDA:0,(anonymous_2)
FNDA:0,(anonymous_3)
FNDA:0,(anonymous_4)
FNDA:0,(anonymous_5)
FNDA:0,(anonymous_6)
FNDA:0,(anonymous_7)
FNDA:0,(anonymous_8)
DA:6,0
DA:8,0
DA:9,0
DA:12,0
DA:13,0
DA:17,0
DA:18,0
DA:19,0
DA:25,0
DA:26,0
DA:27,0
DA:34,0
DA:36,0
DA:46,0
DA:52,0
DA:63,0
LF:16
LH:0
BRDA:18,0,0,0
BRDA:18,0,1,0
BRDA:20,1,0,0
BRDA:20,1,1,0
BRDA:26,2,0,0
BRDA:26,2,1,0
BRDA:28,3,0,0
BRDA:28,3,1,0
BRDA:34,4,0,0
BRDA:34,4,1,0
BRDA:47,5,0,0
BRDA:47,5,1,0
BRDA:53,6,0,0
BRDA:53,6,1,0
BRDA:61,7,0,0
BRDA:61,7,1,0
BRDA:69,8,0,0
BRDA:69,8,1,0
BRF:18
BRH:0
end_of_record
TN:
SF:src/pages/Leaderboard.js
FN:3,Leaderboard
FN:4,(anonymous_1)
FN:5,(anonymous_2)
FN:9,(anonymous_3)
FN:21,(anonymous_4)
FN:29,(anonymous_5)
FNF:6
FNH:0
FNDA:0,Leaderboard
FNDA:0,(anonymous_1)
FNDA:0,(anonymous_2)
FNDA:0,(anonymous_3)
FNDA:0,(anonymous_4)
FNDA:0,(anonymous_5)
DA:4,0
DA:5,0
DA:8,0
DA:10,0
DA:11,0
DA:12,0
DA:14,0
DA:21,0
DA:23,0
DA:30,0
LF:10
LH:0
BRF:0
BRH:0
end_of_record
TN:
SF:src/pages/NotFound.js
FN:3,NotFound
FNF:1
FNH:0
FNDA:0,NotFound
DA:4,0
LF:1
LH:0
BRF:0
BRH:0
end_of_record
TN:
SF:src/pages/Question.js
FN:7,Question
FN:13,(anonymous_1)
FN:14,(anonymous_2)
FN:15,(anonymous_3)
FN:39,(anonymous_4)
FN:93,(anonymous_5)
FN:100,(anonymous_6)
FN:108,(anonymous_7)
FN:115,(anonymous_8)
FNF:9
FNH:0
FNDA:0,Question
FNDA:0,(anonymous_1)
FNDA:0,(anonymous_2)
FNDA:0,(anonymous_3)
FNDA:0,(anonymous_4)
FNDA:0,(anonymous_5)
FNDA:0,(anonymous_6)
FNDA:0,(anonymous_7)
FNDA:0,(anonymous_8)
DA:8,0
DA:9,0
DA:10,0
DA:12,0
DA:13,0
DA:14,0
DA:15,0
DA:17,0
DA:18,0
DA:21,0
DA:23,0
DA:26,0
DA:33,0
DA:35,0
DA:37,0
DA:39,0
DA:40,0
DA:41,0
DA:43,0
DA:45,0
DA:46,0
DA:54,0
DA:62,0
DA:64,0
DA:68,0
DA:93,0
DA:100,0
DA:108,0
DA:115,0
LF:29
LH:0
BRDA:17,0,0,0
BRDA:17,0,1,0
BRDA:23,1,0,0
BRDA:23,1,1,0
BRDA:26,2,0,0
BRDA:26,2,1,0
BRDA:27,3,0,0
BRDA:27,3,1,0
BRDA:35,4,0,0
BRDA:35,4,1,0
BRDA:37,5,0,0
BRDA:37,5,1,0
BRDA:41,6,0,0
BRDA:41,6,1,0
BRDA:71,7,0,0
BRDA:71,7,1,0
BRDA:88,8,0,0
BRDA:88,8,1,0
BRDA:92,9,0,0
BRDA:92,9,1,0
BRDA:107,10,0,0
BRDA:107,10,1,0
BRDA:125,11,0,0
BRDA:125,11,1,0
BRDA:128,12,0,0
BRDA:128,12,1,0
BRDA:155,13,0,0
BRDA:155,13,1,0
BRDA:178,14,0,0
BRDA:178,14,1,0
BRF:30
BRH:0
end_of_record
TN:
SF:src/store/hooks.js
FN:3,(anonymous_0)
FNF:1
FNH:1
FNDA:10,(anonymous_0)
DA:3,10
DA:4,3
LF:2
LH:2
BRF:0
BRH:0
end_of_record
TN:
SF:src/store/store.js
FNF:0
FNH:0
DA:6,0
LF:1
LH:0
BRF:0
BRH:0
end_of_record
TN:
SF:src/utils/_DATA.js
FN:124,generateUID
FN:131,_getUsers
FN:132,(anonymous_2)
FN:133,(anonymous_3)
FN:137,_getQuestions
FN:138,(anonymous_5)
FN:139,(anonymous_6)
FN:143,formatQuestion
FN:159,_saveQuestion
FN:160,(anonymous_9)
FN:170,(anonymous_10)
FN:181,_saveQuestionAnswer
FN:182,(anonymous_12)
FN:187,(anonymous_13)
FNF:14
FNH:8
FNDA:6,generateUID
FNDA:0,_getUsers
FNDA:0,(anonymous_2)
FNDA:0,(anonymous_3)
FNDA:0,_getQuestions
FNDA:0,(anonymous_5)
FNDA:0,(anonymous_6)
FNDA:6,formatQuestion
FNDA:6,_saveQuestion
FNDA:6,(anonymous_9)
FNDA:2,(anonymous_10)
FNDA:6,_saveQuestionAnswer
FNDA:6,(anonymous_12)
FNDA:2,(anonymous_13)
DA:1,5
DA:43,5
DA:125,6
DA:132,0
DA:133,0
DA:138,0
DA:139,0
DA:144,6
DA:160,6
DA:161,6
DA:166,4
DA:169,6
DA:170,6
DA:171,2
DA:176,2
DA:182,6
DA:183,6
DA:184,4
DA:187,6
DA:188,2
DA:199,2
DA:210,2
LF:22
LH:18
BRDA:161,0,0,4
BRDA:161,0,1,2
BRDA:162,1,0,6
BRDA:162,1,1,4
BRDA:162,1,2,3
BRDA:183,2,0,4
BRDA:183,2,1,2
BRDA:183,3,0,6
BRDA:183,3,1,4
BRDA:183,3,2,3
BRF:10
BRH:10
end_of_record
